<?xml version="1.0" encoding="UTF-8"?>
<robot generator="Robot 4.0.3 (Python 3.9.5 on win32)" generated="20210603 12:38:03.964" rpa="false" schemaversion="2">
<suite id="s1" name="Testsuite Sprint1" source="C:\Users\Kamalakkannan\PycharmProjects\RobotFramework_1\TestCases\testsuite_sprint1.robot">
<test id="s1-t1" name="Test Case 001">
<kw name="Set Screenshot Directory" library="SeleniumLibrary">
<arg>Screenshots</arg>
<doc>Sets the directory for captured screenshots.</doc>
<status status="PASS" starttime="20210603 12:38:04.675" endtime="20210603 12:38:04.679"/>
</kw>
<kw name="Navigate Browser" library="loginpage_fv">
<arg>${Application_URL}</arg>
<arg>edge</arg>
<kw name="Open Browser" library="SeleniumLibrary">
<arg>${arg1}</arg>
<arg>${arg2}</arg>
<doc>Opens a new browser instance to the optional ``url``.</doc>
<msg timestamp="20210603 12:38:04.683" level="INFO">Opening browser 'edge' to base url 'http://demo.nopcommerce.com'.</msg>
<status status="PASS" starttime="20210603 12:38:04.682" endtime="20210603 12:38:08.919"/>
</kw>
<kw name="Sleep" library="BuiltIn">
<arg>3</arg>
<doc>Pauses the test executed for the given time.</doc>
<msg timestamp="20210603 12:38:11.920" level="INFO">Slept 3 seconds</msg>
<status status="PASS" starttime="20210603 12:38:08.919" endtime="20210603 12:38:11.920"/>
</kw>
<kw name="Maximize Browser Window" library="SeleniumLibrary">
<doc>Maximizes current browser window.</doc>
<status status="PASS" starttime="20210603 12:38:11.920" endtime="20210603 12:38:14.858"/>
</kw>
<status status="PASS" starttime="20210603 12:38:04.680" endtime="20210603 12:38:14.859"/>
</kw>
<kw name="Click Link" library="SeleniumLibrary">
<arg>xpath://a[contains(text(),'Log in')]</arg>
<doc>Clicks a link identified by ``locator``.</doc>
<msg timestamp="20210603 12:38:14.860" level="INFO">Clicking link 'xpath://a[contains(text(),'Log in')]'.</msg>
<status status="PASS" starttime="20210603 12:38:14.859" endtime="20210603 12:38:17.047"/>
</kw>
<kw name="Scroll Element Into View" library="SeleniumLibrary">
<arg>xpath://button[contains(text(),'Register')]</arg>
<doc>Scrolls the element identified by ``locator`` into view.</doc>
<status status="PASS" starttime="20210603 12:38:17.047" endtime="20210603 12:38:17.461"/>
</kw>
<kw name="Capture Element Screenshot" library="SeleniumLibrary">
<arg>xpath://button[contains(text(),'Register')]</arg>
<doc>Captures a screenshot from the element identified by ``locator`` and embeds it into log file.</doc>
<msg timestamp="20210603 12:38:17.733" level="INFO" html="true">&lt;/td&gt;&lt;/tr&gt;&lt;tr&gt;&lt;td colspan="3"&gt;&lt;a href="Screenshots/selenium-element-screenshot-127.png"&gt;&lt;img src="Screenshots/selenium-element-screenshot-127.png" width="400px"&gt;&lt;/a&gt;</msg>
<status status="PASS" starttime="20210603 12:38:17.461" endtime="20210603 12:38:17.734"/>
</kw>
<kw name="Click Button" library="SeleniumLibrary">
<arg>xpath://button[contains(text(),'Register')]</arg>
<doc>Clicks the button identified by ``locator``.</doc>
<msg timestamp="20210603 12:38:17.735" level="INFO">Clicking button 'xpath://button[contains(text(),'Register')]'.</msg>
<status status="PASS" starttime="20210603 12:38:17.734" endtime="20210603 12:38:19.935"/>
</kw>
<kw name="Select Radio Button" library="SeleniumLibrary">
<arg>Gender</arg>
<arg>M</arg>
<doc>Sets the radio button group ``group_name`` to ``value``.</doc>
<msg timestamp="20210603 12:38:19.937" level="INFO">Selecting 'M' from radio button 'Gender'.</msg>
<status status="PASS" starttime="20210603 12:38:19.936" endtime="20210603 12:38:20.056"/>
</kw>
<kw name="Input Text" library="SeleniumLibrary">
<arg>id:FirstName</arg>
<arg>abcdeee</arg>
<doc>Types the given ``text`` into the text field identified by ``locator``.</doc>
<msg timestamp="20210603 12:38:20.057" level="INFO">Typing text 'abcdeee' into text field 'id:FirstName'.</msg>
<status status="PASS" starttime="20210603 12:38:20.056" endtime="20210603 12:38:20.230"/>
</kw>
<kw name="Input Text" library="SeleniumLibrary">
<arg>id:LastName</arg>
<arg>jdsfsjdf</arg>
<doc>Types the given ``text`` into the text field identified by ``locator``.</doc>
<msg timestamp="20210603 12:38:20.231" level="INFO">Typing text 'jdsfsjdf' into text field 'id:LastName'.</msg>
<status status="PASS" starttime="20210603 12:38:20.230" endtime="20210603 12:38:20.374"/>
</kw>
<kw name="Select From List By Label" library="SeleniumLibrary">
<arg>DateOfBirthDay</arg>
<arg>7</arg>
<doc>Selects options from selection list ``locator`` by ``labels``.</doc>
<msg timestamp="20210603 12:38:20.375" level="INFO">Selecting options from selection list 'DateOfBirthDay' by label 7.</msg>
<status status="PASS" starttime="20210603 12:38:20.374" endtime="20210603 12:38:20.472"/>
</kw>
<kw name="Select From List By Label" library="SeleniumLibrary">
<arg>DateOfBirthMonth</arg>
<arg>January</arg>
<doc>Selects options from selection list ``locator`` by ``labels``.</doc>
<msg timestamp="20210603 12:38:20.473" level="INFO">Selecting options from selection list 'DateOfBirthMonth' by label January.</msg>
<status status="PASS" starttime="20210603 12:38:20.472" endtime="20210603 12:38:20.562"/>
</kw>
<kw name="Select From List By Label" library="SeleniumLibrary">
<arg>DateOfBirthYear</arg>
<arg>1987</arg>
<doc>Selects options from selection list ``locator`` by ``labels``.</doc>
<msg timestamp="20210603 12:38:20.562" level="INFO">Selecting options from selection list 'DateOfBirthYear' by label 1987.</msg>
<status status="PASS" starttime="20210603 12:38:20.562" endtime="20210603 12:38:20.664"/>
</kw>
<kw name="Input Text" library="SeleniumLibrary">
<arg>id:Email</arg>
<arg>jdsfsjdf@gmail.com</arg>
<doc>Types the given ``text`` into the text field identified by ``locator``.</doc>
<msg timestamp="20210603 12:38:20.665" level="INFO">Typing text 'jdsfsjdf@gmail.com' into text field 'id:Email'.</msg>
<status status="PASS" starttime="20210603 12:38:20.665" endtime="20210603 12:38:20.814"/>
</kw>
<kw name="Input Text" library="SeleniumLibrary">
<arg>id:Company</arg>
<arg>Company01</arg>
<doc>Types the given ``text`` into the text field identified by ``locator``.</doc>
<msg timestamp="20210603 12:38:20.815" level="INFO">Typing text 'Company01' into text field 'id:Company'.</msg>
<status status="PASS" starttime="20210603 12:38:20.815" endtime="20210603 12:38:20.948"/>
</kw>
<kw name="Input Password" library="SeleniumLibrary">
<arg>id:Password</arg>
<arg>Testing@143</arg>
<doc>Types the given password into the text field identified by ``locator``.</doc>
<msg timestamp="20210603 12:38:20.949" level="INFO">Typing password into text field 'id:Password'.</msg>
<msg timestamp="20210603 12:38:21.004" level="INFO">Temporally setting log level to: NONE</msg>
<msg timestamp="20210603 12:38:21.087" level="INFO">Log level changed from NONE to INFO.</msg>
<status status="PASS" starttime="20210603 12:38:20.949" endtime="20210603 12:38:21.088"/>
</kw>
<kw name="Input Password" library="SeleniumLibrary">
<arg>id:ConfirmPassword</arg>
<arg>Testing@143</arg>
<doc>Types the given password into the text field identified by ``locator``.</doc>
<msg timestamp="20210603 12:38:21.089" level="INFO">Typing password into text field 'id:ConfirmPassword'.</msg>
<msg timestamp="20210603 12:38:21.151" level="INFO">Temporally setting log level to: NONE</msg>
<msg timestamp="20210603 12:38:21.241" level="INFO">Log level changed from NONE to INFO.</msg>
<status status="PASS" starttime="20210603 12:38:21.088" endtime="20210603 12:38:21.241"/>
</kw>
<kw name="Click Button" library="SeleniumLibrary">
<arg>id:register-button</arg>
<doc>Clicks the button identified by ``locator``.</doc>
<msg timestamp="20210603 12:38:21.242" level="INFO">Clicking button 'id:register-button'.</msg>
<status status="PASS" starttime="20210603 12:38:21.242" endtime="20210603 12:38:24.611"/>
</kw>
<kw name="Sleep" library="BuiltIn">
<arg>3</arg>
<doc>Pauses the test executed for the given time.</doc>
<msg timestamp="20210603 12:38:27.616" level="INFO">Slept 3 seconds</msg>
<status status="PASS" starttime="20210603 12:38:24.611" endtime="20210603 12:38:27.616"/>
</kw>
<kw name="Page Should Contain Element" library="SeleniumLibrary">
<arg>xpath://h1[contains(text(),'Register')]</arg>
<doc>Verifies that element ``locator`` is found on the current page.</doc>
<msg timestamp="20210603 12:38:27.632" level="INFO">Current page contains element 'xpath://h1[contains(text(),'Register')]'.</msg>
<status status="PASS" starttime="20210603 12:38:27.617" endtime="20210603 12:38:27.632"/>
</kw>
<kw name="Page Should Contain Element" library="SeleniumLibrary">
<arg>xpath://div[contains(text(),'Your registration completed')]</arg>
<doc>Verifies that element ``locator`` is found on the current page.</doc>
<msg timestamp="20210603 12:38:27.647" level="INFO">Current page contains element 'xpath://div[contains(text(),'Your registration completed')]'.</msg>
<status status="PASS" starttime="20210603 12:38:27.633" endtime="20210603 12:38:27.647"/>
</kw>
<kw name="Close Browser" library="SeleniumLibrary">
<doc>Closes the current browser.</doc>
<status status="PASS" starttime="20210603 12:38:27.647" endtime="20210603 12:38:30.491"/>
</kw>
<doc>Testcase to validate basic login in Edge Browser</doc>
<tag>logincheck 001-edge Browser</tag>
<status status="PASS" starttime="20210603 12:38:04.672" endtime="20210603 12:38:30.491"/>
</test>
<test id="s1-t2" name="Test Case 002">
<kw name="Set Screenshot Directory" library="SeleniumLibrary">
<arg>Screenshots</arg>
<doc>Sets the directory for captured screenshots.</doc>
<status status="PASS" starttime="20210603 12:38:30.493" endtime="20210603 12:38:30.493"/>
</kw>
<kw name="Navigate Browser" library="loginpage_fv">
<arg>${Application_URL}</arg>
<arg>Chrome</arg>
<kw name="Open Browser" library="SeleniumLibrary">
<arg>${arg1}</arg>
<arg>${arg2}</arg>
<doc>Opens a new browser instance to the optional ``url``.</doc>
<msg timestamp="20210603 12:38:30.494" level="INFO">Opening browser 'Chrome' to base url 'http://demo.nopcommerce.com'.</msg>
<status status="PASS" starttime="20210603 12:38:30.493" endtime="20210603 12:38:33.144"/>
</kw>
<kw name="Sleep" library="BuiltIn">
<arg>3</arg>
<doc>Pauses the test executed for the given time.</doc>
<msg timestamp="20210603 12:38:36.168" level="INFO">Slept 3 seconds</msg>
<status status="PASS" starttime="20210603 12:38:33.144" endtime="20210603 12:38:36.170"/>
</kw>
<kw name="Maximize Browser Window" library="SeleniumLibrary">
<doc>Maximizes current browser window.</doc>
<status status="PASS" starttime="20210603 12:38:36.171" endtime="20210603 12:38:36.630"/>
</kw>
<status status="PASS" starttime="20210603 12:38:30.493" endtime="20210603 12:38:36.630"/>
</kw>
<kw name="Click Link" library="SeleniumLibrary">
<arg>xpath://a[contains(text(),'Log in')]</arg>
<doc>Clicks a link identified by ``locator``.</doc>
<msg timestamp="20210603 12:38:36.631" level="INFO">Clicking link 'xpath://a[contains(text(),'Log in')]'.</msg>
<status status="PASS" starttime="20210603 12:38:36.630" endtime="20210603 12:38:38.503"/>
</kw>
<kw name="Scroll Element Into View" library="SeleniumLibrary">
<arg>xpath://button[contains(text(),'Register')]</arg>
<doc>Scrolls the element identified by ``locator`` into view.</doc>
<status status="PASS" starttime="20210603 12:38:38.504" endtime="20210603 12:38:38.807"/>
</kw>
<kw name="Capture Element Screenshot" library="SeleniumLibrary">
<arg>xpath://button[contains(text(),'Register')]</arg>
<doc>Captures a screenshot from the element identified by ``locator`` and embeds it into log file.</doc>
<msg timestamp="20210603 12:38:38.991" level="INFO" html="true">&lt;/td&gt;&lt;/tr&gt;&lt;tr&gt;&lt;td colspan="3"&gt;&lt;a href="Screenshots/selenium-element-screenshot-128.png"&gt;&lt;img src="Screenshots/selenium-element-screenshot-128.png" width="400px"&gt;&lt;/a&gt;</msg>
<status status="PASS" starttime="20210603 12:38:38.808" endtime="20210603 12:38:38.991"/>
</kw>
<kw name="Click Button" library="SeleniumLibrary">
<arg>xpath://button[contains(text(),'Register')]</arg>
<doc>Clicks the button identified by ``locator``.</doc>
<msg timestamp="20210603 12:38:38.992" level="INFO">Clicking button 'xpath://button[contains(text(),'Register')]'.</msg>
<status status="PASS" starttime="20210603 12:38:38.992" endtime="20210603 12:38:39.774"/>
</kw>
<kw name="Select Radio Button" library="SeleniumLibrary">
<arg>Gender</arg>
<arg>M</arg>
<doc>Sets the radio button group ``group_name`` to ``value``.</doc>
<msg timestamp="20210603 12:38:39.775" level="INFO">Selecting 'M' from radio button 'Gender'.</msg>
<status status="PASS" starttime="20210603 12:38:39.774" endtime="20210603 12:38:39.900"/>
</kw>
<kw name="Input Text" library="SeleniumLibrary">
<arg>id:FirstName</arg>
<arg>abcdeee</arg>
<doc>Types the given ``text`` into the text field identified by ``locator``.</doc>
<msg timestamp="20210603 12:38:39.901" level="INFO">Typing text 'abcdeee' into text field 'id:FirstName'.</msg>
<status status="PASS" starttime="20210603 12:38:39.900" endtime="20210603 12:38:40.063"/>
</kw>
<kw name="Input Text" library="SeleniumLibrary">
<arg>id:LastName</arg>
<arg>jdsfsjdf</arg>
<doc>Types the given ``text`` into the text field identified by ``locator``.</doc>
<msg timestamp="20210603 12:38:40.064" level="INFO">Typing text 'jdsfsjdf' into text field 'id:LastName'.</msg>
<status status="PASS" starttime="20210603 12:38:40.063" endtime="20210603 12:38:40.306"/>
</kw>
<kw name="Select From List By Label" library="SeleniumLibrary">
<arg>DateOfBirthDay</arg>
<arg>7</arg>
<doc>Selects options from selection list ``locator`` by ``labels``.</doc>
<msg timestamp="20210603 12:38:40.307" level="INFO">Selecting options from selection list 'DateOfBirthDay' by label 7.</msg>
<status status="PASS" starttime="20210603 12:38:40.307" endtime="20210603 12:38:40.448"/>
</kw>
<kw name="Select From List By Label" library="SeleniumLibrary">
<arg>DateOfBirthMonth</arg>
<arg>January</arg>
<doc>Selects options from selection list ``locator`` by ``labels``.</doc>
<msg timestamp="20210603 12:38:40.449" level="INFO">Selecting options from selection list 'DateOfBirthMonth' by label January.</msg>
<status status="PASS" starttime="20210603 12:38:40.448" endtime="20210603 12:38:40.591"/>
</kw>
<kw name="Select From List By Label" library="SeleniumLibrary">
<arg>DateOfBirthYear</arg>
<arg>1987</arg>
<doc>Selects options from selection list ``locator`` by ``labels``.</doc>
<msg timestamp="20210603 12:38:40.592" level="INFO">Selecting options from selection list 'DateOfBirthYear' by label 1987.</msg>
<status status="PASS" starttime="20210603 12:38:40.592" endtime="20210603 12:38:40.714"/>
</kw>
<kw name="Input Text" library="SeleniumLibrary">
<arg>id:Email</arg>
<arg>jdsfsjdf@gmail.com</arg>
<doc>Types the given ``text`` into the text field identified by ``locator``.</doc>
<msg timestamp="20210603 12:38:40.715" level="INFO">Typing text 'jdsfsjdf@gmail.com' into text field 'id:Email'.</msg>
<status status="PASS" starttime="20210603 12:38:40.715" endtime="20210603 12:38:40.911"/>
</kw>
<kw name="Input Text" library="SeleniumLibrary">
<arg>id:Company</arg>
<arg>Company01</arg>
<doc>Types the given ``text`` into the text field identified by ``locator``.</doc>
<msg timestamp="20210603 12:38:40.912" level="INFO">Typing text 'Company01' into text field 'id:Company'.</msg>
<status status="PASS" starttime="20210603 12:38:40.911" endtime="20210603 12:38:41.067"/>
</kw>
<kw name="Input Password" library="SeleniumLibrary">
<arg>id:Password</arg>
<arg>Testing@143</arg>
<doc>Types the given password into the text field identified by ``locator``.</doc>
<msg timestamp="20210603 12:38:41.067" level="INFO">Typing password into text field 'id:Password'.</msg>
<msg timestamp="20210603 12:38:41.136" level="INFO">Temporally setting log level to: NONE</msg>
<msg timestamp="20210603 12:38:41.246" level="INFO">Log level changed from NONE to INFO.</msg>
<status status="PASS" starttime="20210603 12:38:41.067" endtime="20210603 12:38:41.246"/>
</kw>
<kw name="Input Password" library="SeleniumLibrary">
<arg>id:ConfirmPassword</arg>
<arg>Testing@143</arg>
<doc>Types the given password into the text field identified by ``locator``.</doc>
<msg timestamp="20210603 12:38:41.248" level="INFO">Typing password into text field 'id:ConfirmPassword'.</msg>
<msg timestamp="20210603 12:38:41.335" level="INFO">Temporally setting log level to: NONE</msg>
<msg timestamp="20210603 12:38:41.433" level="INFO">Log level changed from NONE to INFO.</msg>
<status status="PASS" starttime="20210603 12:38:41.247" endtime="20210603 12:38:41.434"/>
</kw>
<kw name="Click Button" library="SeleniumLibrary">
<arg>id:register-button</arg>
<doc>Clicks the button identified by ``locator``.</doc>
<msg timestamp="20210603 12:38:41.435" level="INFO">Clicking button 'id:register-button'.</msg>
<status status="PASS" starttime="20210603 12:38:41.434" endtime="20210603 12:38:43.281"/>
</kw>
<kw name="Sleep" library="BuiltIn">
<arg>3</arg>
<doc>Pauses the test executed for the given time.</doc>
<msg timestamp="20210603 12:38:46.294" level="INFO">Slept 3 seconds</msg>
<status status="PASS" starttime="20210603 12:38:43.282" endtime="20210603 12:38:46.294"/>
</kw>
<kw name="Page Should Contain Element" library="SeleniumLibrary">
<arg>xpath://h1[contains(text(),'Register')]</arg>
<doc>Verifies that element ``locator`` is found on the current page.</doc>
<msg timestamp="20210603 12:38:46.312" level="INFO">Current page contains element 'xpath://h1[contains(text(),'Register')]'.</msg>
<status status="PASS" starttime="20210603 12:38:46.294" endtime="20210603 12:38:46.312"/>
</kw>
<kw name="Page Should Contain Element" library="SeleniumLibrary">
<arg>xpath://div[contains(text(),'Your registration completed')]</arg>
<doc>Verifies that element ``locator`` is found on the current page.</doc>
<kw name="Capture Page Screenshot" library="SeleniumLibrary">
<doc>Takes a screenshot of the current page and embeds it into a log file.</doc>
<msg timestamp="20210603 12:38:46.631" level="INFO" html="true">&lt;/td&gt;&lt;/tr&gt;&lt;tr&gt;&lt;td colspan="3"&gt;&lt;a href="Screenshots/selenium-screenshot-104.png"&gt;&lt;img src="Screenshots/selenium-screenshot-104.png" width="800px"&gt;&lt;/a&gt;</msg>
<status status="PASS" starttime="20210603 12:38:46.383" endtime="20210603 12:38:46.631"/>
</kw>
<msg timestamp="20210603 12:38:46.997" level="FAIL">Page should have contained element 'xpath://div[contains(text(),'Your registration completed')]' but did not.</msg>
<status status="FAIL" starttime="20210603 12:38:46.312" endtime="20210603 12:38:46.997"/>
</kw>
<kw name="Close Browser" library="SeleniumLibrary">
<doc>Closes the current browser.</doc>
<status status="NOT RUN" starttime="20210603 12:38:46.997" endtime="20210603 12:38:46.997"/>
</kw>
<doc>Testcase to validate basic login in Chrome Browser</doc>
<tag>logincheck 002-chrome Browser</tag>
<status status="FAIL" starttime="20210603 12:38:30.492" endtime="20210603 12:38:46.998">Page should have contained element 'xpath://div[contains(text(),'Your registration completed')]' but did not.</status>
</test>
<doc>Basic Login Check</doc>
<status status="FAIL" starttime="20210603 12:38:03.969" endtime="20210603 12:38:46.998"/>
</suite>
<statistics>
<total>
<stat pass="1" fail="1" skip="0">All Tests</stat>
</total>
<tag>
<stat pass="1" fail="0" skip="0">logincheck 001-edge Browser</stat>
<stat pass="0" fail="1" skip="0">logincheck 002-chrome Browser</stat>
</tag>
<suite>
<stat pass="1" fail="1" skip="0" id="s1" name="Testsuite Sprint1">Testsuite Sprint1</stat>
</suite>
</statistics>
<errors>
</errors>
</robot>
